[0.792s] Invoking command in '/root/ros2_ws/src/my_robot_controller': PYTHONPATH=/root/ros2_ws/src/build/my_robot_controller/prefix_override:/usr/lib/python3/dist-packages/colcon_core/task/python/colcon_distutils_commands:/root/ros2_ws/src/install/my_robot_controller/lib/python3.10/site-packages:${PYTHONPATH} /usr/bin/python3 -W ignore:setup.py install is deprecated -W ignore:easy_install command is deprecated setup.py egg_info --egg-base ../build/my_robot_controller build --build-base /root/ros2_ws/src/build/my_robot_controller/build install --record /root/ros2_ws/src/build/my_robot_controller/install.log --single-version-externally-managed install_data
[1.003s] running egg_info
[1.003s] creating ../build/my_robot_controller/my_robot_controller.egg-info
[1.004s] writing ../build/my_robot_controller/my_robot_controller.egg-info/PKG-INFO
[1.004s] writing dependency_links to ../build/my_robot_controller/my_robot_controller.egg-info/dependency_links.txt
[1.004s] writing entry points to ../build/my_robot_controller/my_robot_controller.egg-info/entry_points.txt
[1.004s] writing requirements to ../build/my_robot_controller/my_robot_controller.egg-info/requires.txt
[1.004s] writing top-level names to ../build/my_robot_controller/my_robot_controller.egg-info/top_level.txt
[1.004s] writing manifest file '../build/my_robot_controller/my_robot_controller.egg-info/SOURCES.txt'
[1.005s] reading manifest file '../build/my_robot_controller/my_robot_controller.egg-info/SOURCES.txt'
[1.006s] writing manifest file '../build/my_robot_controller/my_robot_controller.egg-info/SOURCES.txt'
[1.006s] running build
[1.006s] running build_py
[1.006s] creating /root/ros2_ws/src/build/my_robot_controller/build
[1.006s] creating /root/ros2_ws/src/build/my_robot_controller/build/lib
[1.006s] creating /root/ros2_ws/src/build/my_robot_controller/build/lib/my_robot_controller
[1.006s] copying my_robot_controller/__init__.py -> /root/ros2_ws/src/build/my_robot_controller/build/lib/my_robot_controller
[1.007s] copying my_robot_controller/first_node.py -> /root/ros2_ws/src/build/my_robot_controller/build/lib/my_robot_controller
[1.007s] running install
[1.007s] running install_lib
[1.007s] creating /root/ros2_ws/src/install/my_robot_controller/lib/python3.10/site-packages/my_robot_controller
[1.007s] copying /root/ros2_ws/src/build/my_robot_controller/build/lib/my_robot_controller/__init__.py -> /root/ros2_ws/src/install/my_robot_controller/lib/python3.10/site-packages/my_robot_controller
[1.007s] copying /root/ros2_ws/src/build/my_robot_controller/build/lib/my_robot_controller/first_node.py -> /root/ros2_ws/src/install/my_robot_controller/lib/python3.10/site-packages/my_robot_controller
[1.008s] byte-compiling /root/ros2_ws/src/install/my_robot_controller/lib/python3.10/site-packages/my_robot_controller/__init__.py to __init__.cpython-310.pyc
[1.008s] byte-compiling /root/ros2_ws/src/install/my_robot_controller/lib/python3.10/site-packages/my_robot_controller/first_node.py to first_node.cpython-310.pyc
[1.008s] running install_data
[1.009s] creating /root/ros2_ws/src/install/my_robot_controller/share/ament_index
[1.009s] creating /root/ros2_ws/src/install/my_robot_controller/share/ament_index/resource_index
[1.009s] creating /root/ros2_ws/src/install/my_robot_controller/share/ament_index/resource_index/packages
[1.010s] copying resource/my_robot_controller -> /root/ros2_ws/src/install/my_robot_controller/share/ament_index/resource_index/packages
[1.010s] copying package.xml -> /root/ros2_ws/src/install/my_robot_controller/share/my_robot_controller
[1.010s] running install_egg_info
[1.012s] Copying ../build/my_robot_controller/my_robot_controller.egg-info to /root/ros2_ws/src/install/my_robot_controller/lib/python3.10/site-packages/my_robot_controller-0.0.0-py3.10.egg-info
[1.012s] running install_scripts
[1.031s] Installing test_node script to /root/ros2_ws/src/install/my_robot_controller/lib/my_robot_controller
[1.032s] writing list of installed files to '/root/ros2_ws/src/build/my_robot_controller/install.log'
[1.054s] Invoked command in '/root/ros2_ws/src/my_robot_controller' returned '0': PYTHONPATH=/root/ros2_ws/src/build/my_robot_controller/prefix_override:/usr/lib/python3/dist-packages/colcon_core/task/python/colcon_distutils_commands:/root/ros2_ws/src/install/my_robot_controller/lib/python3.10/site-packages:${PYTHONPATH} /usr/bin/python3 -W ignore:setup.py install is deprecated -W ignore:easy_install command is deprecated setup.py egg_info --egg-base ../build/my_robot_controller build --build-base /root/ros2_ws/src/build/my_robot_controller/build install --record /root/ros2_ws/src/build/my_robot_controller/install.log --single-version-externally-managed install_data
